<?xml version="1.0" encoding="UTF-8"?>
<!-- Generated by org.testng.reporters.JUnitReportReporter -->
<testsuite hostname="DESKTOP-CAKO4GA" failures="0" tests="1" name="example.NewTest" time="4.571" errors="0" timestamp="14 May 2020 14:29:52 GMT">
  <testcase classname="example.NewTest" name="testEasy" time="4.571"/>
</testsuite> <!-- example.NewTest -->
